<?xml version="1.0" encoding="UTF-8"?>
<testsuite name="test.java.adidas.usecases.Test_SearchForWomensJacket" tests="2" skipped="0" failures="0" errors="0" timestamp="2018-02-04T23:04:06" hostname="0125-MAC" time="96.581">
  <properties/>
  <testcase name="testSearchForWomensJacket[0](chrome, null, MAC, public void test.java.adidas.usecases.Test_SearchForWomensJacket.testSearchForWomensJacket(java.lang.String,java.lang.String,java.lang.String,java.lang.reflect.Method) throws java.io.IOException,java.lang.InterruptedException)" classname="test.java.adidas.usecases.Test_SearchForWomensJacket" time="64.916"/>
  <testcase name="testSearchForWomensJacket[1](firefox, null, MAC, public void test.java.adidas.usecases.Test_SearchForWomensJacket.testSearchForWomensJacket(java.lang.String,java.lang.String,java.lang.String,java.lang.reflect.Method) throws java.io.IOException,java.lang.InterruptedException)" classname="test.java.adidas.usecases.Test_SearchForWomensJacket" time="31.411"/>
  <system-out><![CDATA[org.openqa.selenium.TimeoutException: Expected condition failed: waiting for presence of element located by: By.xpath: //div[.='The email address is invalid.'] (tried for 5 second(s) with 500 MILLISECONDS interval)]]></system-out>
  <system-err><![CDATA[1517785511977	geckodriver	INFO	geckodriver 0.18.0
1517785511996	geckodriver	INFO	Listening on 127.0.0.1:12308
1517785512118	geckodriver::marionette	INFO	Starting browser /Applications/Firefox.app/Contents/MacOS/firefox-bin with args ["-marionette"]
1517785513086	Marionette	INFO	Enabled via --marionette
2018-02-04 23:05:14.694 plugin-container[35812:685395] *** CFMessagePort: bootstrap_register(): failed 1100 (0x44c) 'Permission denied', port = 0xa43b, name = 'com.apple.tsm.portname'
See /usr/include/servers/bootstrap_defs.h for the error codes.
]]></system-err>
</testsuite>
